<?xml version="1.0" encoding="UTF-8"?>
<!-- Generated by org.testng.reporters.JUnitReportReporter -->
<testsuite skipped="0" hostname="DESKTOP-QVO712U" name="demoTests.paralleltest2" tests="3" failures="0" timestamp="8 Oct 2021 06:34:23 GMT" time="0.017" errors="0">
  <testcase name="m1" time="0.013" classname="demoTests.paralleltest2"/>
  <testcase name="m3" time="0.001" classname="demoTests.paralleltest2"/>
  <testcase name="m2" time="0.003" classname="demoTests.paralleltest2"/>
</testsuite> <!-- demoTests.paralleltest2 -->
