<?xml version="1.0" encoding="UTF-8"?>
<!-- Generated by org.testng.reporters.JUnitReportReporter -->
<testsuite skipped="0" hostname="DESKTOP-FQUMNK5" name="easySeleniumTests.JavaScriptAlerts" tests="1" failures="0" timestamp="11 Feb 2023 05:07:13 GMT" time="9.303" errors="0">
  <testcase name="validate_JavaScriptPage" time="9.303" classname="easySeleniumTests.JavaScriptAlerts"/>
</testsuite> <!-- easySeleniumTests.JavaScriptAlerts -->
