<?xml version="1.0" encoding="UTF-8"?>
<!-- Generated by org.testng.reporters.JUnitReportReporter -->
<testsuite hostname="VENKAT" failures="0" tests="1" name="easySeleniumTests.homePageTest" time="6.979" errors="0" timestamp="2024-03-27T12:15:57 IST" skipped="0">
  <testcase classname="easySeleniumTests.homePageTest" name="validatehomepage_menuitems" time="6.979"/>
  <system-out/>
</testsuite> <!-- easySeleniumTests.homePageTest -->
