<?xml version="1.0" encoding="UTF-8"?>
<!-- Generated by org.testng.reporters.JUnitReportReporter -->
<testsuite skipped="0" hostname="DESKTOP-QVO712U" name="demoTests.paralleltest1" tests="3" failures="0" timestamp="8 Oct 2021 06:34:23 GMT" time="0.016" errors="0">
  <testcase name="m6" time="0.001" classname="demoTests.paralleltest1"/>
  <testcase name="m5" time="0.002" classname="demoTests.paralleltest1"/>
  <testcase name="m4" time="0.013" classname="demoTests.paralleltest1"/>
</testsuite> <!-- demoTests.paralleltest1 -->
